2024-04-05 18:31:50 [MgmtSrvr] INFO     -- Got initial configuration from '/etc/mysql-cluster.cnf', will try to set it when all ndb_mgmd(s) started
2024-04-05 18:31:50 [MgmtSrvr] INFO     -- Node 1: Node 1 Connected
2024-04-05 18:31:50 [MgmtSrvr] INFO     -- Id: 1, Command port: *:1186
2024-04-05 18:31:50 [MgmtSrvr] INFO     -- MySQL Cluster Management Server mysql-8.0.32 ndb-8.0.32 started
2024-04-05 18:31:50 [MgmtSrvr] INFO     -- Node 1 connected
2024-04-05 18:31:50 [MgmtSrvr] INFO     -- Starting initial configuration change
2024-04-05 18:31:50 [MgmtSrvr] INFO     -- Configuration 1 commited
2024-04-05 18:31:50 [MgmtSrvr] INFO     -- Config change completed! New generation: 1
2024-04-05 18:31:50 [MgmtSrvr] INFO     -- Nodeid 2 allocated for NDB at 174.17.0.3
2024-04-05 18:31:50 [MgmtSrvr] INFO     -- Node 1: Node 2 Connected
2024-04-05 18:31:51 [MgmtSrvr] INFO     -- Alloc node id 3 rejected, no new president yet
2024-04-05 18:31:51 [MgmtSrvr] INFO     -- Nodeid 3 allocated for NDB at 174.17.0.4
2024-04-05 18:31:51 [MgmtSrvr] INFO     -- Node 2: Start phase 0 completed (system restart)
2024-04-05 18:31:51 [MgmtSrvr] INFO     -- Node 2: Communication to Node 3 opened
2024-04-05 18:31:51 [MgmtSrvr] INFO     -- Node 2: Initial start, waiting for 3 to connect,  nodes [ all: 2 and 3 connected: 2 no-wait:  ]
2024-04-05 18:31:51 [MgmtSrvr] INFO     -- Node 1: Node 3 Connected
2024-04-05 18:31:51 [MgmtSrvr] INFO     -- Node 2: Node 3 Connected
2024-04-05 18:31:51 [MgmtSrvr] INFO     -- Node 3: Node 2 Connected
2024-04-05 18:31:51 [MgmtSrvr] INFO     -- Node 2: Initial start with nodes 2 and 3 [ missing:  no-wait:  ]
2024-04-05 18:31:51 [MgmtSrvr] INFO     -- Node 2: CM_REGCONF president = 2, own Node = 2, our dynamic id = 0/1
2024-04-05 18:31:54 [MgmtSrvr] INFO     -- Node 3: CM_REGCONF president = 2, own Node = 3, our dynamic id = 0/2
2024-04-05 18:31:54 [MgmtSrvr] INFO     -- Node 2: Node 3: API mysql-8.0.32 ndb-8.0.32
2024-04-05 18:31:54 [MgmtSrvr] INFO     -- Node 3: Node 2: API mysql-8.0.32 ndb-8.0.32
2024-04-05 18:31:54 [MgmtSrvr] INFO     -- Node 3: Start phase 1 completed (system restart)
2024-04-05 18:31:54 [MgmtSrvr] INFO     -- Node 2: Start phase 1 completed (system restart)
2024-04-05 18:31:54 [MgmtSrvr] INFO     -- Node 2: System Restart: master node: 2, num starting: 2, gci: 0
2024-04-05 18:31:54 [MgmtSrvr] INFO     -- Node 2: CNTR_START_CONF: started: 0000000000000000000000000000000000000000
2024-04-05 18:31:54 [MgmtSrvr] INFO     -- Node 2: CNTR_START_CONF: cntr_started: 0000000000000000000000000000000000000000
2024-04-05 18:31:54 [MgmtSrvr] INFO     -- Node 2: CNTR_START_CONF: starting: 000000000000000000000000000000000000000c
2024-04-05 18:31:54 [MgmtSrvr] INFO     -- Node 2: Local redo log file initialization status: #Total files: 64, Completed: 0 #Total MBytes: 1024, Completed: 0
2024-04-05 18:31:54 [MgmtSrvr] INFO     -- Node 3: Local redo log file initialization status: #Total files: 64, Completed: 0 #Total MBytes: 1024, Completed: 0
2024-04-05 18:31:55 [MgmtSrvr] INFO     -- Node 2: Local redo log file initialization completed: #Total files: 64, Completed: 64 #Total MBytes: 1024, Completed: 1024
2024-04-05 18:31:55 [MgmtSrvr] INFO     -- Node 2: Start phase 2 completed (initial start)
2024-04-05 18:31:55 [MgmtSrvr] INFO     -- Node 3: Local redo log file initialization completed: #Total files: 64, Completed: 64 #Total MBytes: 1024, Completed: 1024
2024-04-05 18:31:55 [MgmtSrvr] INFO     -- Node 3: Start phase 2 completed (initial start)
2024-04-05 18:31:55 [MgmtSrvr] INFO     -- Node 2: Start phase 3 completed (initial start)
2024-04-05 18:31:55 [MgmtSrvr] INFO     -- Node 3: Start phase 3 completed (initial start)
2024-04-05 18:31:55 [MgmtSrvr] INFO     -- Node 2: Start phase 4 completed (initial start)
2024-04-05 18:31:55 [MgmtSrvr] INFO     -- Node 3: Start phase 4 completed (initial start)
2024-04-05 18:31:55 [MgmtSrvr] INFO     -- Node 2: Make On-line Database recoverable by waiting for LCP Starting, LCP id = 1
2024-04-05 18:31:55 [MgmtSrvr] INFO     -- Node 2: Local checkpoint 1 started. Keep GCI = 1 oldest restorable GCI = 1
2024-04-05 18:31:55 [MgmtSrvr] INFO     -- Node 2: LDM(0): Completed LCP, #frags = 4 #records = 0, #bytes = 0
2024-04-05 18:31:55 [MgmtSrvr] INFO     -- Node 3: LDM(0): Completed LCP, #frags = 4 #records = 0, #bytes = 0
2024-04-05 18:31:55 [MgmtSrvr] INFO     -- Node 2: Local checkpoint 1 completed
2024-04-05 18:31:55 [MgmtSrvr] INFO     -- Node 2: Make On-line Database recoverable by waiting for LCP Completed, LCP id = 1
2024-04-05 18:31:55 [MgmtSrvr] INFO     -- Node 2: Start phase 5 completed (initial start)
2024-04-05 18:31:55 [MgmtSrvr] INFO     -- Node 3: Start phase 5 completed (initial start)
2024-04-05 18:31:55 [MgmtSrvr] INFO     -- Node 2: Start phase 6 completed (initial start)
2024-04-05 18:31:55 [MgmtSrvr] INFO     -- Node 3: Start phase 6 completed (initial start)
2024-04-05 18:31:55 [MgmtSrvr] INFO     -- Node 2: President restarts arbitration thread [state=1]
2024-04-05 18:31:55 [MgmtSrvr] INFO     -- Node 3: Start phase 7 completed (initial start)
2024-04-05 18:31:55 [MgmtSrvr] INFO     -- Node 2: Start phase 7 completed (initial start)
2024-04-05 18:31:55 [MgmtSrvr] INFO     -- Node 2: Start phase 8 completed (initial start)
2024-04-05 18:31:55 [MgmtSrvr] INFO     -- Node 3: Start phase 8 completed (initial start)
2024-04-05 18:31:55 [MgmtSrvr] INFO     -- Node 2: Start phase 9 completed (initial start)
2024-04-05 18:31:55 [MgmtSrvr] INFO     -- Node 3: Start phase 9 completed (initial start)
2024-04-05 18:31:55 [MgmtSrvr] INFO     -- Node 2: Start phase 50 completed (initial start)
2024-04-05 18:31:55 [MgmtSrvr] INFO     -- Node 3: Start phase 50 completed (initial start)
2024-04-05 18:31:55 [MgmtSrvr] INFO     -- Node 2: Start phase 101 completed (initial start)
2024-04-05 18:31:55 [MgmtSrvr] INFO     -- Node 3: Start phase 101 completed (initial start)
2024-04-05 18:31:55 [MgmtSrvr] INFO     -- Node 2: Started (mysql-8.0.32 ndb-8.0.32)
2024-04-05 18:31:55 [MgmtSrvr] INFO     -- Node 3: Started (mysql-8.0.32 ndb-8.0.32)
2024-04-05 18:31:55 [MgmtSrvr] INFO     -- Node 2: Node 1: API mysql-8.0.32 ndb-8.0.32
2024-04-05 18:31:55 [MgmtSrvr] INFO     -- Node 3: Node 1: API mysql-8.0.32 ndb-8.0.32
2024-04-05 18:31:56 [MgmtSrvr] INFO     -- Node 3: Communication to Node 4 opened
2024-04-05 18:31:56 [MgmtSrvr] INFO     -- Node 3: Communication to Node 5 opened
2024-04-05 18:31:56 [MgmtSrvr] INFO     -- Node 3: Prepare arbitrator node 1 [ticket=0008000100464d99]
2024-04-05 18:31:56 [MgmtSrvr] INFO     -- Node 2: Started arbitrator node 1 [ticket=0008000100464d99]
2024-04-05 18:31:56 [MgmtSrvr] INFO     -- Node 2: Communication to Node 4 opened
2024-04-05 18:31:56 [MgmtSrvr] INFO     -- Node 2: Communication to Node 5 opened
2024-04-05 18:31:57 [MgmtSrvr] INFO     -- Alloc node id 4 succeeded
2024-04-05 18:31:57 [MgmtSrvr] INFO     -- Nodeid 4 allocated for API at 174.17.0.10
2024-04-05 18:31:57 [MgmtSrvr] INFO     -- Node 4: mysqld --server-id=1
2024-04-05 18:31:57 [MgmtSrvr] INFO     -- Alloc node id 5 succeeded
2024-04-05 18:31:57 [MgmtSrvr] INFO     -- Nodeid 5 allocated for API at 174.17.0.11
2024-04-05 18:31:57 [MgmtSrvr] INFO     -- Node 5: mysqld --server-id=1
2024-04-05 18:31:57 [MgmtSrvr] INFO     -- Node 3: Node 4 Connected
2024-04-05 18:31:57 [MgmtSrvr] INFO     -- Node 3: Node 4: API mysql-8.0.32 ndb-8.0.32
2024-04-05 18:31:57 [MgmtSrvr] INFO     -- Node 2: Node 4 Connected
2024-04-05 18:31:57 [MgmtSrvr] INFO     -- Node 2: Node 4: API mysql-8.0.32 ndb-8.0.32
2024-04-05 18:31:58 [MgmtSrvr] INFO     -- Node 2: Node 5 Connected
2024-04-05 18:31:58 [MgmtSrvr] INFO     -- Node 2: Node 5: API mysql-8.0.32 ndb-8.0.32
2024-04-05 18:31:58 [MgmtSrvr] INFO     -- Node 3: Node 5 Connected
2024-04-05 18:31:58 [MgmtSrvr] INFO     -- Node 3: Node 5: API mysql-8.0.32 ndb-8.0.32
2024-04-05 18:32:04 [MgmtSrvr] ALERT    -- Node 3: Node 4 Disconnected
2024-04-05 18:32:04 [MgmtSrvr] INFO     -- Node 3: Communication to Node 4 closed
2024-04-05 18:32:04 [MgmtSrvr] INFO     -- Node 2: Communication to Node 4 closed
2024-04-05 18:32:04 [MgmtSrvr] ALERT    -- Node 2: Node 4 Disconnected
2024-04-05 18:32:04 [MgmtSrvr] ALERT    -- Node 2: Node 5 Disconnected
2024-04-05 18:32:04 [MgmtSrvr] INFO     -- Node 2: Communication to Node 5 closed
2024-04-05 18:32:04 [MgmtSrvr] INFO     -- Node 3: Communication to Node 5 closed
2024-04-05 18:32:04 [MgmtSrvr] ALERT    -- Node 3: Node 5 Disconnected
2024-04-05 18:32:06 [MgmtSrvr] INFO     -- Alloc node id 4 rejected with error code 1703, will retry
2024-04-05 18:32:06 [MgmtSrvr] INFO     -- Alloc node id 5 rejected with error code 1703, will retry
2024-04-05 18:32:07 [MgmtSrvr] INFO     -- Node 2: Communication to Node 4 opened
2024-04-05 18:32:07 [MgmtSrvr] INFO     -- Node 2: Communication to Node 5 opened
2024-04-05 18:32:08 [MgmtSrvr] INFO     -- Node 3: Communication to Node 4 opened
2024-04-05 18:32:08 [MgmtSrvr] INFO     -- Node 3: Communication to Node 5 opened
2024-04-05 18:32:08 [MgmtSrvr] INFO     -- Alloc node id 4 succeeded
2024-04-05 18:32:08 [MgmtSrvr] INFO     -- Nodeid 4 allocated for API at 174.17.0.10
2024-04-05 18:32:08 [MgmtSrvr] INFO     -- Node 4: mysqld --server-id=1
2024-04-05 18:32:08 [MgmtSrvr] INFO     -- Alloc node id 5 succeeded
2024-04-05 18:32:08 [MgmtSrvr] INFO     -- Nodeid 5 allocated for API at 174.17.0.11
2024-04-05 18:32:08 [MgmtSrvr] INFO     -- Node 5: mysqld --server-id=1
2024-04-05 18:32:08 [MgmtSrvr] INFO     -- Node 2: Node 4 Connected
2024-04-05 18:32:08 [MgmtSrvr] INFO     -- Node 2: Node 4: API mysql-8.0.32 ndb-8.0.32
2024-04-05 18:32:08 [MgmtSrvr] INFO     -- Node 3: Node 4 Connected
2024-04-05 18:32:08 [MgmtSrvr] INFO     -- Node 3: Node 4: API mysql-8.0.32 ndb-8.0.32
2024-04-05 18:32:08 [MgmtSrvr] INFO     -- Node 2: Node 5 Connected
2024-04-05 18:32:08 [MgmtSrvr] INFO     -- Node 2: Node 5: API mysql-8.0.32 ndb-8.0.32
2024-04-05 18:32:08 [MgmtSrvr] INFO     -- Node 3: Node 5 Connected
2024-04-05 18:32:08 [MgmtSrvr] INFO     -- Node 3: Node 5: API mysql-8.0.32 ndb-8.0.32
